2025-08-01 08:44:34,943-db_helper-INFO-fetch_expense_called with expense_date: 2024-08-01
2025-08-01 08:44:54,062-db_helper-INFO-delete_expense called with expense_date: 2024-08-28
2025-08-01 08:44:54,074-db_helper-INFO-insert_expense called with expense_date: 2024-08-28, amount:200.0, category:Rent, note:Additional rent payment
2025-08-01 08:44:54,085-db_helper-INFO-insert_expense called with expense_date: 2024-08-28, amount:200.0, category:Food, note:gogakna restaurant
2025-08-01 09:34:03,746-db_helper-INFO-fetch_expense_called with expense_date: 2024-08-01
2025-08-01 09:34:08,551-db_helper-INFO-fetch_expense_called with expense_date: 2024-08-01
2025-08-01 09:43:27,413-db_helper-INFO-fetch_expense_called with expense_date: 2024-08-01
2025-08-01 09:44:31,248-db_helper-INFO-fetch_expense_called with expense_date: 2024-08-01
2025-08-01 09:45:53,515-db_helper-INFO-fetch_expense_called with expense_date: 2024-08-01
2025-08-01 20:51:29,239-db_helper-INFO-fetch_expense_called with expense_date: 2024-08-01
2025-08-01 20:51:29,485-db_helper-INFO-fetch_expense_called with expense_date: 2024-08-01
2025-08-01 20:52:29,123-db_helper-INFO-fetch_expense_called with expense_date: 2024-08-01
2025-08-01 20:53:12,172-db_helper-INFO-fetch_expense_called with expense_date: 2024-08-01
2025-08-01 20:54:05,333-db_helper-INFO-fetch_expense_called with expense_date: 2024-08-01
2025-08-01 20:54:31,715-db_helper-INFO-fetch_expense_called with expense_date: 2024-08-01
2025-08-01 20:54:54,806-db_helper-INFO-fetch_expense_called with expense_date: 2024-08-01
2025-08-01 20:56:41,828-db_helper-INFO-fetch_expense_called with expense_date: 2024-08-01
2025-08-01 20:56:59,762-db_helper-INFO-fetch_expense_called with expense_date: 2024-08-01
2025-08-01 21:06:54,763-db_helper-INFO-fetch_expense_called with expense_date: 2024-08-01
2025-08-01 21:07:36,191-db_helper-INFO-fetch_expense_called with expense_date: 2024-08-01
2025-08-01 21:08:12,846-db_helper-INFO-fetch_expense_called with expense_date: 2024-08-01
2025-08-01 21:10:10,666-db_helper-INFO-fetch_expense_called with expense_date: 2024-08-01
2025-08-01 21:11:30,150-db_helper-INFO-fetch_expense_called with expense_date: 2024-08-02
2025-08-01 21:12:36,950-db_helper-INFO-fetch_expense_called with expense_date: 2024-08-01
2025-08-01 21:12:37,004-db_helper-INFO-fetch_expense_called with expense_date: 2024-08-01
2025-08-01 21:12:44,970-db_helper-INFO-fetch_expense_called with expense_date: 2024-08-02
2025-08-01 21:14:03,383-db_helper-INFO-fetch_expense_called with expense_date: 2024-08-01
2025-08-01 21:14:08,799-db_helper-INFO-fetch_expense_called with expense_date: 2024-08-07
2025-08-01 21:23:05,710-db_helper-INFO-fetch_expense_called with expense_date: 2024-08-07
2025-08-01 21:23:09,562-db_helper-INFO-fetch_expense_called with expense_date: 2024-08-01
2025-08-01 21:24:57,231-db_helper-INFO-fetch_expense_called with expense_date: 2024-08-01
2025-08-01 21:27:24,154-db_helper-INFO-fetch_expense_called with expense_date: 2024-08-01
2025-08-01 21:27:55,826-db_helper-INFO-fetch_expense_called with expense_date: 2024-08-01
2025-08-01 21:28:57,452-db_helper-INFO-fetch_expense_called with expense_date: 2024-08-01
2025-08-01 21:29:42,420-db_helper-INFO-fetch_expense_called with expense_date: 2024-08-01
2025-08-01 21:31:52,522-db_helper-INFO-fetch_expense_called with expense_date: 2024-08-07
2025-08-01 21:32:09,225-db_helper-INFO-fetch_expense_called with expense_date: 2024-08-07
2025-08-01 22:49:18,229-db_helper-INFO-fetch_expense_called with expense_date: 2024-08-07
2025-08-01 22:52:01,773-db_helper-INFO-fetch_expense_called with expense_date: 2024-08-07
2025-08-01 22:52:03,826-db_helper-INFO-delete_expense called with expense_date: 2024-08-07
2025-08-01 22:52:03,832-db_helper-INFO-insert_expense called with expense_date: 2024-08-07, amount:300.0, category:Food, note:
2025-08-01 22:52:29,641-db_helper-INFO-fetch_expense_called with expense_date: 2024-08-07
2025-08-01 22:52:31,687-db_helper-INFO-delete_expense called with expense_date: 2024-08-07
2025-08-01 22:52:31,692-db_helper-INFO-insert_expense called with expense_date: 2024-08-07, amount:300.0, category:Food, note:hello
2025-08-01 22:53:52,199-db_helper-INFO-fetch_expense_called with expense_date: 2024-08-01
2025-08-01 22:54:11,127-db_helper-INFO-fetch_expense_called with expense_date: 2024-08-01
2025-08-01 22:54:13,185-db_helper-INFO-delete_expense called with expense_date: 2024-08-01
2025-08-01 22:54:13,191-db_helper-INFO-insert_expense called with expense_date: 2024-08-01, amount:245.0, category:Food, note:Food adichu mwone.
2025-08-01 22:54:13,200-db_helper-INFO-insert_expense called with expense_date: 2024-08-01, amount:300.0, category:Food, note:Groceries for the week
2025-08-01 22:54:13,213-db_helper-INFO-insert_expense called with expense_date: 2024-08-01, amount:1200.0, category:Rent, note:Monthly rent payment
2025-08-01 22:54:13,223-db_helper-INFO-insert_expense called with expense_date: 2024-08-01, amount:300.0, category:Food, note:Groceries for the week
2025-08-01 22:54:13,225-db_helper-INFO-insert_expense called with expense_date: 2024-08-01, amount:40.0, category:Food, note:Eat tasty samosa chat
2025-08-01 22:54:13,240-db_helper-INFO-insert_expense called with expense_date: 2024-08-01, amount:100.0, category:Food, note:Eat tasty samosa chat
2025-08-01 22:54:44,805-db_helper-INFO-fetch_expense_called with expense_date: 2024-08-01
2025-08-01 22:54:46,867-db_helper-INFO-delete_expense called with expense_date: 2024-08-01
2025-08-01 22:54:46,867-db_helper-INFO-insert_expense called with expense_date: 2024-08-01, amount:245.0, category:Food, note:Food adichu mwone.
2025-08-01 22:54:46,883-db_helper-INFO-insert_expense called with expense_date: 2024-08-01, amount:300.0, category:Food, note:Groceries for the week
2025-08-01 22:54:46,896-db_helper-INFO-insert_expense called with expense_date: 2024-08-01, amount:1200.0, category:Rent, note:Monthly rent payment
2025-08-01 22:54:46,906-db_helper-INFO-insert_expense called with expense_date: 2024-08-01, amount:300.0, category:Food, note:Groceries for the week
2025-08-01 22:54:46,915-db_helper-INFO-insert_expense called with expense_date: 2024-08-01, amount:40.0, category:Food, note:Eat tasty samosa chat
2025-08-01 22:54:46,924-db_helper-INFO-insert_expense called with expense_date: 2024-08-01, amount:100.0, category:Food, note:Eat tasty samosa chat
2025-08-01 22:54:46,932-db_helper-INFO-insert_expense called with expense_date: 2024-08-01, amount:4.0, category:Rent, note:hmm rent !!
2025-08-01 22:54:52,850-db_helper-INFO-fetch_expense_called with expense_date: 2024-08-01
2025-08-03 07:10:39,189-db_helper-INFO-fetch_expense_called with expense_date: 2024-08-01
2025-08-03 08:05:46,698-db_helper-INFO-fetch_expense_summary called with start-date: 2024-08-01 and end-date:2024-08-04
2025-08-03 08:14:25,787-db_helper-INFO-fetch_expense_summary called with start-date: 2024-08-01 and end-date:2024-08-04
2025-08-03 08:14:42,586-db_helper-INFO-fetch_expense_summary called with start-date: 2024-08-01 and end-date:2024-08-04
2025-08-03 08:18:43,821-db_helper-INFO-fetch_expense_summary called with start-date: 2024-08-01 and end-date:2024-08-04
2025-08-03 08:19:55,251-db_helper-INFO-fetch_expense_summary called with start-date: 2024-08-01 and end-date:2024-08-04
2025-08-03 08:20:05,258-db_helper-INFO-fetch_expense_summary called with start-date: 2024-08-01 and end-date:2024-08-04
2025-08-03 08:20:30,057-db_helper-INFO-fetch_expense_summary called with start-date: 2024-08-01 and end-date:2024-08-04
2025-08-03 08:20:52,059-db_helper-INFO-fetch_expense_summary called with start-date: 2024-08-01 and end-date:2024-08-04
2025-08-03 08:21:10,799-db_helper-INFO-fetch_expense_summary called with start-date: 2024-08-01 and end-date:2024-08-04
2025-08-03 08:31:09,599-db_helper-INFO-fetch_expense_called with expense_date: 2024-08-01
2025-08-03 08:31:32,388-db_helper-INFO-fetch_expense_called with expense_date: 2024-08-02
2025-08-03 08:34:49,525-db_helper-INFO-fetch_expense_called with expense_date: 2024-08-01
2025-08-03 08:36:04,339-db_helper-INFO-fetch_expense_called with expense_date: 2024-08-01
2025-08-03 08:38:46,290-db_helper-INFO-fetch_expense_called with expense_date: 2024-08-01
2025-08-03 09:01:28,100-db_helper-INFO-fetch_expense_called with expense_date: 2024-08-01
2025-08-03 09:01:32,741-db_helper-INFO-fetch_expense_called with expense_date: 2024-08-01
2025-08-03 09:01:57,505-db_helper-INFO-fetch_expense_called with expense_date: 2024-08-01
2025-08-03 09:02:18,855-db_helper-INFO-fetch_expense_called with expense_date: 2024-08-01
2025-08-03 09:03:59,707-db_helper-INFO-fetch_expense_called with expense_date: 2024-08-01
2025-08-03 09:04:04,175-db_helper-INFO-fetch_expense_called with expense_date: 2024-08-01
2025-08-03 09:04:29,696-db_helper-INFO-fetch_expense_called with expense_date: 2024-08-01
2025-08-03 09:04:32,796-db_helper-INFO-fetch_expense_called with expense_date: 2024-08-01
2025-08-03 09:06:26,537-db_helper-INFO-fetch_expense_called with expense_date: 2024-08-01
2025-08-03 09:06:29,862-db_helper-INFO-fetch_expense_called with expense_date: 2024-08-01
2025-08-03 09:06:31,921-db_helper-INFO-fetch_expense_summary called with start-date: 2024-08-01 and end-date:2024-08-05
2025-08-03 09:06:41,905-db_helper-INFO-fetch_expense_called with expense_date: 2024-08-01
2025-08-03 09:06:43,946-db_helper-INFO-fetch_expense_summary called with start-date: 2024-08-01 and end-date:2024-08-05
2025-08-03 09:14:20,876-db_helper-INFO-fetch_expense_called with expense_date: 2024-08-01
2025-08-03 09:14:24,333-db_helper-INFO-fetch_expense_called with expense_date: 2024-08-01
2025-08-03 09:14:26,393-db_helper-INFO-fetch_expense_summary called with start-date: 2024-08-01 and end-date:2024-08-05
2025-08-03 09:14:39,684-db_helper-INFO-fetch_expense_called with expense_date: 2024-08-01
2025-08-03 09:14:41,738-db_helper-INFO-fetch_expense_summary called with start-date: 2024-08-01 and end-date:2024-08-05
2025-08-03 09:15:38,229-db_helper-INFO-fetch_expense_called with expense_date: 2024-08-01
2025-08-03 09:15:40,274-db_helper-INFO-fetch_expense_summary called with start-date: 2024-08-01 and end-date:2024-08-05
2025-08-03 09:18:26,908-db_helper-INFO-fetch_expense_called with expense_date: 2024-08-01
2025-08-03 09:18:28,978-db_helper-INFO-fetch_expense_summary called with start-date: 2024-08-01 and end-date:2024-08-05
2025-08-03 09:20:15,447-db_helper-INFO-fetch_expense_called with expense_date: 2024-08-01
2025-08-03 09:20:17,492-db_helper-INFO-fetch_expense_summary called with start-date: 2024-08-01 and end-date:2024-08-05
2025-08-03 09:22:13,093-db_helper-INFO-fetch_expense_called with expense_date: 2024-08-01
2025-08-03 09:22:15,164-db_helper-INFO-fetch_expense_summary called with start-date: 2024-08-01 and end-date:2024-08-05
2025-08-03 09:22:45,717-db_helper-INFO-fetch_expense_called with expense_date: 2024-08-01
2025-08-03 09:22:47,772-db_helper-INFO-fetch_expense_summary called with start-date: 2024-08-01 and end-date:2024-08-05
2025-08-03 09:24:48,464-db_helper-INFO-fetch_expense_called with expense_date: 2024-08-01
2025-08-03 09:24:50,524-db_helper-INFO-fetch_expense_summary called with start-date: 2024-08-01 and end-date:2024-08-05
2025-08-03 09:26:13,474-db_helper-INFO-fetch_expense_called with expense_date: 2024-08-01
2025-08-03 09:26:15,547-db_helper-INFO-fetch_expense_summary called with start-date: 2024-08-01 and end-date:2024-08-05
2025-08-03 09:28:57,513-db_helper-INFO-fetch_expense_called with expense_date: 2024-08-01
2025-08-03 09:28:59,575-db_helper-INFO-fetch_expense_summary called with start-date: 2024-08-01 and end-date:2024-08-05
2025-08-03 09:29:21,181-db_helper-INFO-fetch_expense_called with expense_date: 2024-08-01
2025-08-03 09:29:30,476-db_helper-INFO-fetch_expense_called with expense_date: 2024-08-01
2025-08-03 09:29:32,550-db_helper-INFO-fetch_expense_summary called with start-date: 2024-08-01 and end-date:2024-08-05
2025-08-03 09:30:06,587-db_helper-INFO-fetch_expense_called with expense_date: 2024-08-01
2025-08-03 09:30:10,279-db_helper-INFO-fetch_expense_called with expense_date: 2024-08-01
2025-08-03 09:30:12,317-db_helper-INFO-fetch_expense_summary called with start-date: 2024-08-01 and end-date:2024-08-05
2025-08-03 09:30:48,032-db_helper-INFO-fetch_expense_called with expense_date: 2024-08-01
2025-08-03 09:30:51,910-db_helper-INFO-fetch_expense_called with expense_date: 2024-08-01
2025-08-03 09:30:53,949-db_helper-INFO-fetch_expense_summary called with start-date: 2024-08-01 and end-date:2024-08-05
2025-08-03 10:28:04,014-db_helper-INFO-fetch_expense_called with expense_date: 2024-08-01
2025-08-03 10:28:18,370-db_helper-INFO-fetch_expense_called with expense_date: 2024-08-01
2025-08-03 10:28:46,583-db_helper-INFO-fetch_expense_called with expense_date: 2024-08-01
2025-08-03 10:33:14,944-db_helper-INFO-fetch_expense_called with expense_date: 2024-08-01
2025-08-03 10:35:45,034-db_helper-INFO-fetch_expense_called with expense_date: 2024-08-01
2025-08-03 10:36:08,101-db_helper-INFO-fetch_expense_called with expense_date: 2024-08-01
2025-08-03 10:38:11,409-db_helper-INFO-fetch_expense_called with expense_date: 2024-08-01
2025-08-03 10:39:29,211-db_helper-INFO-fetch_expense_called with expense_date: 2024-08-01
2025-08-03 10:45:28,402-db_helper-INFO-fetch_expense_called with expense_date: 2024-08-01
2025-08-03 10:45:42,974-db_helper-INFO-fetch_expense_called with expense_date: 2024-08-01
2025-08-03 10:48:23,428-db_helper-INFO-fetch_expense_called with expense_date: 2024-08-01
2025-08-03 10:48:43,699-db_helper-INFO-fetch_expense_called with expense_date: 2024-08-01
2025-08-03 10:49:03,937-db_helper-INFO-fetch_expense_called with expense_date: 2024-08-01
2025-08-03 10:49:05,995-db_helper-INFO-fetch_expense_summary called with start-date: 2024-08-01 and end-date:2024-08-05
2025-08-03 10:49:27,830-db_helper-INFO-fetch_expense_called with expense_date: 2024-08-01
